{
  "/Users/dhruvsingh/projects/subscription-tracker/src/services/subscription.service.ts": {
    "path": "/Users/dhruvsingh/projects/subscription-tracker/src/services/subscription.service.ts",
    "statementMap": {
      "0": { "start": { "line": 17, "column": 35 }, "end": { "line": 153, "column": null } },
      "1": { "start": { "line": 22, "column": 10 }, "end": { "line": 22, "column": null } },
      "2": { "start": { "line": 23, "column": 39 }, "end": { "line": 29, "column": null } },
      "3": { "start": { "line": 31, "column": 4 }, "end": { "line": 31, "column": null } },
      "4": { "start": { "line": 32, "column": 4 }, "end": { "line": 32, "column": null } },
      "5": { "start": { "line": 39, "column": 21 }, "end": { "line": 39, "column": null } },
      "6": { "start": { "line": 40, "column": 4 }, "end": { "line": 42, "column": null } },
      "7": { "start": { "line": 41, "column": 6 }, "end": { "line": 41, "column": null } },
      "8": { "start": { "line": 44, "column": 34 }, "end": { "line": 52, "column": null } },
      "9": { "start": { "line": 54, "column": 4 }, "end": { "line": 54, "column": null } },
      "10": { "start": { "line": 55, "column": 4 }, "end": { "line": 55, "column": null } },
      "11": { "start": { "line": 62, "column": 4 }, "end": { "line": 62, "column": null } },
      "12": { "start": { "line": 69, "column": 4 }, "end": { "line": 69, "column": null } },
      "13": { "start": { "line": 76, "column": 24 }, "end": { "line": 76, "column": null } },
      "14": { "start": { "line": 78, "column": 4 }, "end": { "line": 80, "column": null } },
      "15": { "start": { "line": 79, "column": 6 }, "end": { "line": 79, "column": null } },
      "16": { "start": { "line": 82, "column": 4 }, "end": { "line": 84, "column": null } },
      "17": { "start": { "line": 83, "column": 6 }, "end": { "line": 83, "column": null } },
      "18": { "start": { "line": 86, "column": 4 }, "end": { "line": 86, "column": null } },
      "19": { "start": { "line": 93, "column": 16 }, "end": { "line": 93, "column": null } },
      "20": { "start": { "line": 94, "column": 4 }, "end": { "line": 94, "column": null } },
      "21": { "start": { "line": 101, "column": 21 }, "end": { "line": 101, "column": null } },
      "22": { "start": { "line": 102, "column": 4 }, "end": { "line": 104, "column": null } },
      "23": { "start": { "line": 103, "column": 6 }, "end": { "line": 103, "column": null } },
      "24": { "start": { "line": 106, "column": 4 }, "end": { "line": 106, "column": null } },
      "25": { "start": { "line": 113, "column": 26 }, "end": { "line": 113, "column": null } },
      "26": { "start": { "line": 114, "column": 4 }, "end": { "line": 114, "column": null } },
      "27": { "start": { "line": 121, "column": 26 }, "end": { "line": 121, "column": null } },
      "28": { "start": { "line": 122, "column": 4 }, "end": { "line": 122, "column": null } },
      "29": { "start": { "line": 129, "column": 26 }, "end": { "line": 129, "column": null } },
      "30": { "start": { "line": 130, "column": 4 }, "end": { "line": 130, "column": null } },
      "31": { "start": { "line": 130, "column": 37 }, "end": { "line": 130, "column": 47 } },
      "32": { "start": { "line": 137, "column": 4 }, "end": { "line": 151, "column": null } },
      "33": { "start": { "line": 138, "column": 6 }, "end": { "line": 140, "column": null } },
      "34": { "start": { "line": 139, "column": 8 }, "end": { "line": 139, "column": null } },
      "35": { "start": { "line": 141, "column": 6 }, "end": { "line": 143, "column": null } },
      "36": { "start": { "line": 142, "column": 8 }, "end": { "line": 142, "column": null } },
      "37": { "start": { "line": 144, "column": 6 }, "end": { "line": 146, "column": null } },
      "38": { "start": { "line": 145, "column": 8 }, "end": { "line": 145, "column": null } },
      "39": { "start": { "line": 147, "column": 6 }, "end": { "line": 149, "column": null } },
      "40": { "start": { "line": 148, "column": 8 }, "end": { "line": 148, "column": null } },
      "41": { "start": { "line": 150, "column": 6 }, "end": { "line": 150, "column": null } }
    },
    "fnMap": {
      "0": {
        "name": "(anonymous_0)",
        "decl": { "start": { "line": 21, "column": 8 }, "end": { "line": 21, "column": 15 } },
        "loc": { "start": { "line": 21, "column": 66 }, "end": { "line": 33, "column": null } },
        "line": 21
      },
      "1": {
        "name": "(anonymous_1)",
        "decl": { "start": { "line": 38, "column": 8 }, "end": { "line": 38, "column": 15 } },
        "loc": { "start": { "line": 38, "column": 66 }, "end": { "line": 56, "column": null } },
        "line": 38
      },
      "2": {
        "name": "(anonymous_2)",
        "decl": { "start": { "line": 61, "column": 8 }, "end": { "line": 61, "column": 15 } },
        "loc": { "start": { "line": 61, "column": 42 }, "end": { "line": 63, "column": null } },
        "line": 61
      },
      "3": {
        "name": "(anonymous_3)",
        "decl": { "start": { "line": 68, "column": 8 }, "end": { "line": 68, "column": 16 } },
        "loc": { "start": { "line": 68, "column": 63 }, "end": { "line": 70, "column": null } },
        "line": 68
      },
      "4": {
        "name": "(anonymous_4)",
        "decl": { "start": { "line": 75, "column": 8 }, "end": { "line": 75, "column": 15 } },
        "loc": { "start": { "line": 75, "column": 82 }, "end": { "line": 87, "column": null } },
        "line": 75
      },
      "5": {
        "name": "(anonymous_5)",
        "decl": { "start": { "line": 92, "column": 8 }, "end": { "line": 92, "column": 20 } },
        "loc": { "start": { "line": 92, "column": 63 }, "end": { "line": 95, "column": null } },
        "line": 92
      },
      "6": {
        "name": "(anonymous_6)",
        "decl": { "start": { "line": 100, "column": 8 }, "end": { "line": 100, "column": 21 } },
        "loc": { "start": { "line": 100, "column": 56 }, "end": { "line": 107, "column": null } },
        "line": 100
      },
      "7": {
        "name": "(anonymous_7)",
        "decl": { "start": { "line": 112, "column": 8 }, "end": { "line": 112, "column": 43 } },
        "loc": { "start": { "line": 112, "column": 43 }, "end": { "line": 115, "column": null } },
        "line": 112
      },
      "8": {
        "name": "(anonymous_8)",
        "decl": { "start": { "line": 120, "column": 8 }, "end": { "line": 120, "column": 42 } },
        "loc": { "start": { "line": 120, "column": 42 }, "end": { "line": 123, "column": null } },
        "line": 120
      },
      "9": {
        "name": "(anonymous_9)",
        "decl": { "start": { "line": 128, "column": 8 }, "end": { "line": 128, "column": 42 } },
        "loc": { "start": { "line": 128, "column": 42 }, "end": { "line": 131, "column": null } },
        "line": 128
      },
      "10": {
        "name": "(anonymous_10)",
        "decl": { "start": { "line": 130, "column": 32 }, "end": { "line": 130, "column": 37 } },
        "loc": { "start": { "line": 130, "column": 37 }, "end": { "line": 130, "column": 47 } },
        "line": 130
      },
      "11": {
        "name": "(anonymous_11)",
        "decl": { "start": { "line": 136, "column": 2 }, "end": { "line": 136, "column": 15 } },
        "loc": { "start": { "line": 136, "column": 84 }, "end": { "line": 152, "column": null } },
        "line": 136
      },
      "12": {
        "name": "(anonymous_12)",
        "decl": { "start": { "line": 137, "column": 32 }, "end": { "line": 137, "column": 39 } },
        "loc": { "start": { "line": 137, "column": 39 }, "end": { "line": 151, "column": 5 } },
        "line": 137
      }
    },
    "branchMap": {
      "0": {
        "loc": { "start": { "line": 40, "column": 4 }, "end": { "line": 42, "column": null } },
        "type": "if",
        "locations": [
          { "start": { "line": 40, "column": 4 }, "end": { "line": 42, "column": null } },
          { "start": {}, "end": {} }
        ],
        "line": 40
      },
      "1": {
        "loc": { "start": { "line": 48, "column": 8 }, "end": { "line": 50, "column": null } },
        "type": "cond-expr",
        "locations": [
          { "start": { "line": 48, "column": 29 }, "end": { "line": 49, "column": null } },
          { "start": { "line": 50, "column": 12 }, "end": { "line": 50, "column": null } }
        ],
        "line": 48
      },
      "2": {
        "loc": { "start": { "line": 48, "column": 8 }, "end": { "line": 48, "column": null } },
        "type": "binary-expr",
        "locations": [
          { "start": { "line": 48, "column": 8 }, "end": { "line": 48, "column": 25 } },
          { "start": { "line": 48, "column": 25 }, "end": { "line": 48, "column": null } }
        ],
        "line": 48
      },
      "3": {
        "loc": { "start": { "line": 49, "column": 33 }, "end": { "line": 49, "column": 70 } },
        "type": "binary-expr",
        "locations": [
          { "start": { "line": 49, "column": 33 }, "end": { "line": 49, "column": 50 } },
          { "start": { "line": 49, "column": 50 }, "end": { "line": 49, "column": 70 } }
        ],
        "line": 49
      },
      "4": {
        "loc": { "start": { "line": 49, "column": 70 }, "end": { "line": 49, "column": 97 } },
        "type": "binary-expr",
        "locations": [
          { "start": { "line": 49, "column": 70 }, "end": { "line": 49, "column": 83 } },
          { "start": { "line": 49, "column": 83 }, "end": { "line": 49, "column": 97 } }
        ],
        "line": 49
      },
      "5": {
        "loc": { "start": { "line": 78, "column": 4 }, "end": { "line": 80, "column": null } },
        "type": "if",
        "locations": [
          { "start": { "line": 78, "column": 4 }, "end": { "line": 80, "column": null } },
          { "start": {}, "end": {} }
        ],
        "line": 78
      },
      "6": {
        "loc": { "start": { "line": 82, "column": 4 }, "end": { "line": 84, "column": null } },
        "type": "if",
        "locations": [
          { "start": { "line": 82, "column": 4 }, "end": { "line": 84, "column": null } },
          { "start": {}, "end": {} }
        ],
        "line": 82
      },
      "7": {
        "loc": { "start": { "line": 92, "column": 20 }, "end": { "line": 92, "column": 63 } },
        "type": "default-arg",
        "locations": [
          { "start": { "line": 92, "column": 35 }, "end": { "line": 92, "column": 63 } }
        ],
        "line": 92
      },
      "8": {
        "loc": { "start": { "line": 102, "column": 4 }, "end": { "line": 104, "column": null } },
        "type": "if",
        "locations": [
          { "start": { "line": 102, "column": 4 }, "end": { "line": 104, "column": null } },
          { "start": {}, "end": {} }
        ],
        "line": 102
      },
      "9": {
        "loc": { "start": { "line": 138, "column": 6 }, "end": { "line": 140, "column": null } },
        "type": "if",
        "locations": [
          { "start": { "line": 138, "column": 6 }, "end": { "line": 140, "column": null } },
          { "start": {}, "end": {} }
        ],
        "line": 138
      },
      "10": {
        "loc": { "start": { "line": 138, "column": 10 }, "end": { "line": 138, "column": 82 } },
        "type": "binary-expr",
        "locations": [
          { "start": { "line": 138, "column": 10 }, "end": { "line": 138, "column": 39 } },
          { "start": { "line": 138, "column": 39 }, "end": { "line": 138, "column": 82 } }
        ],
        "line": 138
      },
      "11": {
        "loc": { "start": { "line": 141, "column": 6 }, "end": { "line": 143, "column": null } },
        "type": "if",
        "locations": [
          { "start": { "line": 141, "column": 6 }, "end": { "line": 143, "column": null } },
          { "start": {}, "end": {} }
        ],
        "line": 141
      },
      "12": {
        "loc": { "start": { "line": 141, "column": 10 }, "end": { "line": 141, "column": 77 } },
        "type": "binary-expr",
        "locations": [
          { "start": { "line": 141, "column": 10 }, "end": { "line": 141, "column": 43 } },
          { "start": { "line": 141, "column": 43 }, "end": { "line": 141, "column": 77 } }
        ],
        "line": 141
      },
      "13": {
        "loc": { "start": { "line": 144, "column": 6 }, "end": { "line": 146, "column": null } },
        "type": "if",
        "locations": [
          { "start": { "line": 144, "column": 6 }, "end": { "line": 146, "column": null } },
          { "start": {}, "end": {} }
        ],
        "line": 144
      },
      "14": {
        "loc": { "start": { "line": 144, "column": 10 }, "end": { "line": 144, "column": 75 } },
        "type": "binary-expr",
        "locations": [
          { "start": { "line": 144, "column": 10 }, "end": { "line": 144, "column": 44 } },
          { "start": { "line": 144, "column": 44 }, "end": { "line": 144, "column": 75 } }
        ],
        "line": 144
      },
      "15": {
        "loc": { "start": { "line": 147, "column": 6 }, "end": { "line": 149, "column": null } },
        "type": "if",
        "locations": [
          { "start": { "line": 147, "column": 6 }, "end": { "line": 149, "column": null } },
          { "start": {}, "end": {} }
        ],
        "line": 147
      },
      "16": {
        "loc": { "start": { "line": 147, "column": 10 }, "end": { "line": 147, "column": 75 } },
        "type": "binary-expr",
        "locations": [
          { "start": { "line": 147, "column": 10 }, "end": { "line": 147, "column": 44 } },
          { "start": { "line": 147, "column": 44 }, "end": { "line": 147, "column": 75 } }
        ],
        "line": 147
      }
    },
    "s": {
      "0": 1,
      "1": 2,
      "2": 2,
      "3": 2,
      "4": 2,
      "5": 6,
      "6": 6,
      "7": 1,
      "8": 5,
      "9": 6,
      "10": 5,
      "11": 1,
      "12": 0,
      "13": 5,
      "14": 5,
      "15": 3,
      "16": 5,
      "17": 1,
      "18": 5,
      "19": 1,
      "20": 1,
      "21": 2,
      "22": 2,
      "23": 0,
      "24": 2,
      "25": 1,
      "26": 1,
      "27": 0,
      "28": 0,
      "29": 0,
      "30": 0,
      "31": 0,
      "32": 3,
      "33": 7,
      "34": 1,
      "35": 6,
      "36": 1,
      "37": 5,
      "38": 1,
      "39": 4,
      "40": 1,
      "41": 3
    },
    "f": {
      "0": 2,
      "1": 6,
      "2": 1,
      "3": 0,
      "4": 5,
      "5": 1,
      "6": 2,
      "7": 1,
      "8": 0,
      "9": 0,
      "10": 0,
      "11": 3,
      "12": 7
    },
    "b": {
      "0": [1, 5],
      "1": [2, 3],
      "2": [5, 4],
      "3": [2, 1],
      "4": [2, 1],
      "5": [3, 2],
      "6": [1, 4],
      "7": [1],
      "8": [0, 2],
      "9": [1, 6],
      "10": [7, 2],
      "11": [1, 5],
      "12": [6, 2],
      "13": [1, 4],
      "14": [5, 3],
      "15": [1, 3],
      "16": [4, 2]
    },
    "meta": {
      "lastBranch": 17,
      "lastFunction": 13,
      "lastStatement": 42,
      "seen": {
        "s:17:35:153:Infinity": 0,
        "f:21:8:21:15": 0,
        "s:22:10:22:Infinity": 1,
        "s:23:39:29:Infinity": 2,
        "s:31:4:31:Infinity": 3,
        "s:32:4:32:Infinity": 4,
        "f:38:8:38:15": 1,
        "s:39:21:39:Infinity": 5,
        "b:40:4:42:Infinity:undefined:undefined:undefined:undefined": 0,
        "s:40:4:42:Infinity": 6,
        "s:41:6:41:Infinity": 7,
        "s:44:34:52:Infinity": 8,
        "b:48:29:49:Infinity:50:12:50:Infinity": 1,
        "b:48:8:48:25:48:25:48:Infinity": 2,
        "b:49:33:49:50:49:50:49:70": 3,
        "b:49:70:49:83:49:83:49:97": 4,
        "s:54:4:54:Infinity": 9,
        "s:55:4:55:Infinity": 10,
        "f:61:8:61:15": 2,
        "s:62:4:62:Infinity": 11,
        "f:68:8:68:16": 3,
        "s:69:4:69:Infinity": 12,
        "f:75:8:75:15": 4,
        "s:76:24:76:Infinity": 13,
        "b:78:4:80:Infinity:undefined:undefined:undefined:undefined": 5,
        "s:78:4:80:Infinity": 14,
        "s:79:6:79:Infinity": 15,
        "b:82:4:84:Infinity:undefined:undefined:undefined:undefined": 6,
        "s:82:4:84:Infinity": 16,
        "s:83:6:83:Infinity": 17,
        "s:86:4:86:Infinity": 18,
        "f:92:8:92:20": 5,
        "b:92:35:92:63": 7,
        "s:93:16:93:Infinity": 19,
        "s:94:4:94:Infinity": 20,
        "f:100:8:100:21": 6,
        "s:101:21:101:Infinity": 21,
        "b:102:4:104:Infinity:undefined:undefined:undefined:undefined": 8,
        "s:102:4:104:Infinity": 22,
        "s:103:6:103:Infinity": 23,
        "s:106:4:106:Infinity": 24,
        "f:112:8:112:43": 7,
        "s:113:26:113:Infinity": 25,
        "s:114:4:114:Infinity": 26,
        "f:120:8:120:42": 8,
        "s:121:26:121:Infinity": 27,
        "s:122:4:122:Infinity": 28,
        "f:128:8:128:42": 9,
        "s:129:26:129:Infinity": 29,
        "s:130:4:130:Infinity": 30,
        "f:130:32:130:37": 10,
        "s:130:37:130:47": 31,
        "f:136:2:136:15": 11,
        "s:137:4:151:Infinity": 32,
        "f:137:32:137:39": 12,
        "b:138:6:140:Infinity:undefined:undefined:undefined:undefined": 9,
        "s:138:6:140:Infinity": 33,
        "b:138:10:138:39:138:39:138:82": 10,
        "s:139:8:139:Infinity": 34,
        "b:141:6:143:Infinity:undefined:undefined:undefined:undefined": 11,
        "s:141:6:143:Infinity": 35,
        "b:141:10:141:43:141:43:141:77": 12,
        "s:142:8:142:Infinity": 36,
        "b:144:6:146:Infinity:undefined:undefined:undefined:undefined": 13,
        "s:144:6:146:Infinity": 37,
        "b:144:10:144:44:144:44:144:75": 14,
        "s:145:8:145:Infinity": 38,
        "b:147:6:149:Infinity:undefined:undefined:undefined:undefined": 15,
        "s:147:6:149:Infinity": 39,
        "b:147:10:147:44:147:44:147:75": 16,
        "s:148:8:148:Infinity": 40,
        "s:150:6:150:Infinity": 41
      }
    }
  },
  "/Users/dhruvsingh/projects/subscription-tracker/src/utils/date.utils.ts": {
    "path": "/Users/dhruvsingh/projects/subscription-tracker/src/utils/date.utils.ts",
    "statementMap": {
      "0": { "start": { "line": 7, "column": 16 }, "end": { "line": 7, "column": null } },
      "1": { "start": { "line": 8, "column": 14 }, "end": { "line": 8, "column": null } },
      "2": { "start": { "line": 9, "column": 13 }, "end": { "line": 9, "column": null } },
      "3": { "start": { "line": 12, "column": 2 }, "end": { "line": 14, "column": null } },
      "4": { "start": { "line": 13, "column": 4 }, "end": { "line": 13, "column": null } },
      "5": { "start": { "line": 16, "column": 2 }, "end": { "line": 16, "column": null } },
      "6": { "start": { "line": 23, "column": 17 }, "end": { "line": 23, "column": null } },
      "7": { "start": { "line": 25, "column": 2 }, "end": { "line": 38, "column": null } },
      "8": { "start": { "line": 27, "column": 6 }, "end": { "line": 27, "column": null } },
      "9": { "start": { "line": 28, "column": 6 }, "end": { "line": 28, "column": null } },
      "10": { "start": { "line": 30, "column": 6 }, "end": { "line": 30, "column": null } },
      "11": { "start": { "line": 31, "column": 6 }, "end": { "line": 31, "column": null } },
      "12": { "start": { "line": 33, "column": 6 }, "end": { "line": 33, "column": null } },
      "13": { "start": { "line": 34, "column": 6 }, "end": { "line": 34, "column": null } },
      "14": { "start": { "line": 36, "column": 6 }, "end": { "line": 36, "column": null } },
      "15": { "start": { "line": 37, "column": 6 }, "end": { "line": 37, "column": null } },
      "16": { "start": { "line": 40, "column": 2 }, "end": { "line": 40, "column": null } },
      "17": { "start": { "line": 47, "column": 17 }, "end": { "line": 47, "column": null } },
      "18": { "start": { "line": 48, "column": 14 }, "end": { "line": 48, "column": null } },
      "19": { "start": { "line": 51, "column": 2 }, "end": { "line": 51, "column": null } },
      "20": { "start": { "line": 52, "column": 2 }, "end": { "line": 52, "column": null } },
      "21": { "start": { "line": 54, "column": 19 }, "end": { "line": 54, "column": null } },
      "22": { "start": { "line": 55, "column": 19 }, "end": { "line": 55, "column": null } },
      "23": { "start": { "line": 57, "column": 2 }, "end": { "line": 57, "column": null } },
      "24": { "start": { "line": 64, "column": 15 }, "end": { "line": 64, "column": null } },
      "25": { "start": { "line": 66, "column": 2 }, "end": { "line": 69, "column": null } },
      "26": { "start": { "line": 67, "column": 20 }, "end": { "line": 67, "column": null } },
      "27": { "start": { "line": 68, "column": 4 }, "end": { "line": 68, "column": null } },
      "28": { "start": { "line": 71, "column": 2 }, "end": { "line": 71, "column": null } },
      "29": { "start": { "line": 71, "column": 18 }, "end": { "line": 71, "column": null } },
      "30": { "start": { "line": 72, "column": 2 }, "end": { "line": 72, "column": null } },
      "31": { "start": { "line": 72, "column": 18 }, "end": { "line": 72, "column": null } },
      "32": { "start": { "line": 73, "column": 2 }, "end": { "line": 73, "column": null } },
      "33": { "start": { "line": 73, "column": 16 }, "end": { "line": 73, "column": null } },
      "34": { "start": { "line": 74, "column": 2 }, "end": { "line": 74, "column": null } },
      "35": { "start": { "line": 74, "column": 17 }, "end": { "line": 74, "column": null } },
      "36": { "start": { "line": 75, "column": 2 }, "end": { "line": 75, "column": null } },
      "37": { "start": { "line": 75, "column": 17 }, "end": { "line": 75, "column": null } },
      "38": { "start": { "line": 76, "column": 2 }, "end": { "line": 76, "column": null } },
      "39": { "start": { "line": 76, "column": 17 }, "end": { "line": 76, "column": null } },
      "40": { "start": { "line": 78, "column": 2 }, "end": { "line": 78, "column": null } },
      "41": { "start": { "line": 85, "column": 15 }, "end": { "line": 85, "column": null } },
      "42": { "start": { "line": 86, "column": 2 }, "end": { "line": 86, "column": null } },
      "43": { "start": { "line": 93, "column": 15 }, "end": { "line": 93, "column": null } },
      "44": { "start": { "line": 94, "column": 2 }, "end": { "line": 98, "column": null } },
      "45": { "start": { "line": 105, "column": 2 }, "end": { "line": 105, "column": null } },
      "46": { "start": { "line": 112, "column": 2 }, "end": { "line": 112, "column": null } },
      "47": { "start": { "line": 119, "column": 20 }, "end": { "line": 119, "column": null } },
      "48": { "start": { "line": 120, "column": 2 }, "end": { "line": 120, "column": null } }
    },
    "fnMap": {
      "0": {
        "name": "calculateNextRenewal",
        "decl": { "start": { "line": 6, "column": 16 }, "end": { "line": 6, "column": 37 } },
        "loc": { "start": { "line": 6, "column": 85 }, "end": { "line": 17, "column": null } },
        "line": 6
      },
      "1": {
        "name": "addCycle",
        "decl": { "start": { "line": 22, "column": 16 }, "end": { "line": 22, "column": 25 } },
        "loc": { "start": { "line": 22, "column": 64 }, "end": { "line": 41, "column": null } },
        "line": 22
      },
      "2": {
        "name": "getDaysUntil",
        "decl": { "start": { "line": 46, "column": 16 }, "end": { "line": 46, "column": 29 } },
        "loc": { "start": { "line": 46, "column": 57 }, "end": { "line": 58, "column": null } },
        "line": 46
      },
      "3": {
        "name": "formatRelativeDate",
        "decl": { "start": { "line": 63, "column": 16 }, "end": { "line": 63, "column": 35 } },
        "loc": { "start": { "line": 63, "column": 63 }, "end": { "line": 79, "column": null } },
        "line": 63
      },
      "4": {
        "name": "formatShortDate",
        "decl": { "start": { "line": 84, "column": 16 }, "end": { "line": 84, "column": 32 } },
        "loc": { "start": { "line": 84, "column": 60 }, "end": { "line": 87, "column": null } },
        "line": 84
      },
      "5": {
        "name": "formatFullDate",
        "decl": { "start": { "line": 92, "column": 16 }, "end": { "line": 92, "column": 31 } },
        "loc": { "start": { "line": 92, "column": 59 }, "end": { "line": 99, "column": null } },
        "line": 92
      },
      "6": {
        "name": "getToday",
        "decl": { "start": { "line": 104, "column": 16 }, "end": { "line": 104, "column": 35 } },
        "loc": { "start": { "line": 104, "column": 35 }, "end": { "line": 106, "column": null } },
        "line": 104
      },
      "7": {
        "name": "isPast",
        "decl": { "start": { "line": 111, "column": 16 }, "end": { "line": 111, "column": 23 } },
        "loc": { "start": { "line": 111, "column": 52 }, "end": { "line": 113, "column": null } },
        "line": 111
      },
      "8": {
        "name": "isWithinDays",
        "decl": { "start": { "line": 118, "column": 16 }, "end": { "line": 118, "column": 29 } },
        "loc": { "start": { "line": 118, "column": 72 }, "end": { "line": 121, "column": null } },
        "line": 118
      }
    },
    "branchMap": {
      "0": {
        "loc": { "start": { "line": 25, "column": 2 }, "end": { "line": 38, "column": null } },
        "type": "switch",
        "locations": [
          { "start": { "line": 26, "column": 4 }, "end": { "line": 28, "column": null } },
          { "start": { "line": 29, "column": 4 }, "end": { "line": 31, "column": null } },
          { "start": { "line": 32, "column": 4 }, "end": { "line": 34, "column": null } },
          { "start": { "line": 35, "column": 4 }, "end": { "line": 37, "column": null } }
        ],
        "line": 25
      },
      "1": {
        "loc": { "start": { "line": 66, "column": 2 }, "end": { "line": 69, "column": null } },
        "type": "if",
        "locations": [
          { "start": { "line": 66, "column": 2 }, "end": { "line": 69, "column": null } },
          { "start": {}, "end": {} }
        ],
        "line": 66
      },
      "2": {
        "loc": { "start": { "line": 68, "column": 11 }, "end": { "line": 68, "column": null } },
        "type": "cond-expr",
        "locations": [
          { "start": { "line": 68, "column": 27 }, "end": { "line": 68, "column": 41 } },
          { "start": { "line": 68, "column": 41 }, "end": { "line": 68, "column": null } }
        ],
        "line": 68
      },
      "3": {
        "loc": { "start": { "line": 71, "column": 2 }, "end": { "line": 71, "column": null } },
        "type": "if",
        "locations": [
          { "start": { "line": 71, "column": 2 }, "end": { "line": 71, "column": null } },
          { "start": {}, "end": {} }
        ],
        "line": 71
      },
      "4": {
        "loc": { "start": { "line": 72, "column": 2 }, "end": { "line": 72, "column": null } },
        "type": "if",
        "locations": [
          { "start": { "line": 72, "column": 2 }, "end": { "line": 72, "column": null } },
          { "start": {}, "end": {} }
        ],
        "line": 72
      },
      "5": {
        "loc": { "start": { "line": 73, "column": 2 }, "end": { "line": 73, "column": null } },
        "type": "if",
        "locations": [
          { "start": { "line": 73, "column": 2 }, "end": { "line": 73, "column": null } },
          { "start": {}, "end": {} }
        ],
        "line": 73
      },
      "6": {
        "loc": { "start": { "line": 74, "column": 2 }, "end": { "line": 74, "column": null } },
        "type": "if",
        "locations": [
          { "start": { "line": 74, "column": 2 }, "end": { "line": 74, "column": null } },
          { "start": {}, "end": {} }
        ],
        "line": 74
      },
      "7": {
        "loc": { "start": { "line": 75, "column": 2 }, "end": { "line": 75, "column": null } },
        "type": "if",
        "locations": [
          { "start": { "line": 75, "column": 2 }, "end": { "line": 75, "column": null } },
          { "start": {}, "end": {} }
        ],
        "line": 75
      },
      "8": {
        "loc": { "start": { "line": 76, "column": 2 }, "end": { "line": 76, "column": null } },
        "type": "if",
        "locations": [
          { "start": { "line": 76, "column": 2 }, "end": { "line": 76, "column": null } },
          { "start": {}, "end": {} }
        ],
        "line": 76
      },
      "9": {
        "loc": { "start": { "line": 120, "column": 9 }, "end": { "line": 120, "column": null } },
        "type": "binary-expr",
        "locations": [
          { "start": { "line": 120, "column": 9 }, "end": { "line": 120, "column": 27 } },
          { "start": { "line": 120, "column": 27 }, "end": { "line": 120, "column": null } }
        ],
        "line": 120
      }
    },
    "s": {
      "0": 8,
      "1": 8,
      "2": 8,
      "3": 8,
      "4": 15,
      "5": 8,
      "6": 19,
      "7": 19,
      "8": 1,
      "9": 1,
      "10": 13,
      "11": 13,
      "12": 1,
      "13": 1,
      "14": 4,
      "15": 4,
      "16": 19,
      "17": 32,
      "18": 32,
      "19": 32,
      "20": 32,
      "21": 32,
      "22": 32,
      "23": 32,
      "24": 6,
      "25": 6,
      "26": 2,
      "27": 2,
      "28": 4,
      "29": 1,
      "30": 3,
      "31": 1,
      "32": 2,
      "33": 2,
      "34": 1,
      "35": 1,
      "36": 0,
      "37": 0,
      "38": 0,
      "39": 0,
      "40": 0,
      "41": 2,
      "42": 2,
      "43": 0,
      "44": 0,
      "45": 0,
      "46": 3,
      "47": 4,
      "48": 4
    },
    "f": { "0": 8, "1": 19, "2": 32, "3": 6, "4": 2, "5": 0, "6": 0, "7": 3, "8": 4 },
    "b": {
      "0": [1, 13, 1, 4],
      "1": [2, 4],
      "2": [1, 1],
      "3": [1, 3],
      "4": [1, 2],
      "5": [1, 1],
      "6": [1, 0],
      "7": [0, 0],
      "8": [0, 0],
      "9": [4, 3]
    },
    "meta": {
      "lastBranch": 10,
      "lastFunction": 9,
      "lastStatement": 49,
      "seen": {
        "f:6:16:6:37": 0,
        "s:7:16:7:Infinity": 0,
        "s:8:14:8:Infinity": 1,
        "s:9:13:9:Infinity": 2,
        "s:12:2:14:Infinity": 3,
        "s:13:4:13:Infinity": 4,
        "s:16:2:16:Infinity": 5,
        "f:22:16:22:25": 1,
        "s:23:17:23:Infinity": 6,
        "b:26:4:28:Infinity:29:4:31:Infinity:32:4:34:Infinity:35:4:37:Infinity": 0,
        "s:25:2:38:Infinity": 7,
        "s:27:6:27:Infinity": 8,
        "s:28:6:28:Infinity": 9,
        "s:30:6:30:Infinity": 10,
        "s:31:6:31:Infinity": 11,
        "s:33:6:33:Infinity": 12,
        "s:34:6:34:Infinity": 13,
        "s:36:6:36:Infinity": 14,
        "s:37:6:37:Infinity": 15,
        "s:40:2:40:Infinity": 16,
        "f:46:16:46:29": 2,
        "s:47:17:47:Infinity": 17,
        "s:48:14:48:Infinity": 18,
        "s:51:2:51:Infinity": 19,
        "s:52:2:52:Infinity": 20,
        "s:54:19:54:Infinity": 21,
        "s:55:19:55:Infinity": 22,
        "s:57:2:57:Infinity": 23,
        "f:63:16:63:35": 3,
        "s:64:15:64:Infinity": 24,
        "b:66:2:69:Infinity:undefined:undefined:undefined:undefined": 1,
        "s:66:2:69:Infinity": 25,
        "s:67:20:67:Infinity": 26,
        "s:68:4:68:Infinity": 27,
        "b:68:27:68:41:68:41:68:Infinity": 2,
        "b:71:2:71:Infinity:undefined:undefined:undefined:undefined": 3,
        "s:71:2:71:Infinity": 28,
        "s:71:18:71:Infinity": 29,
        "b:72:2:72:Infinity:undefined:undefined:undefined:undefined": 4,
        "s:72:2:72:Infinity": 30,
        "s:72:18:72:Infinity": 31,
        "b:73:2:73:Infinity:undefined:undefined:undefined:undefined": 5,
        "s:73:2:73:Infinity": 32,
        "s:73:16:73:Infinity": 33,
        "b:74:2:74:Infinity:undefined:undefined:undefined:undefined": 6,
        "s:74:2:74:Infinity": 34,
        "s:74:17:74:Infinity": 35,
        "b:75:2:75:Infinity:undefined:undefined:undefined:undefined": 7,
        "s:75:2:75:Infinity": 36,
        "s:75:17:75:Infinity": 37,
        "b:76:2:76:Infinity:undefined:undefined:undefined:undefined": 8,
        "s:76:2:76:Infinity": 38,
        "s:76:17:76:Infinity": 39,
        "s:78:2:78:Infinity": 40,
        "f:84:16:84:32": 4,
        "s:85:15:85:Infinity": 41,
        "s:86:2:86:Infinity": 42,
        "f:92:16:92:31": 5,
        "s:93:15:93:Infinity": 43,
        "s:94:2:98:Infinity": 44,
        "f:104:16:104:35": 6,
        "s:105:2:105:Infinity": 45,
        "f:111:16:111:23": 7,
        "s:112:2:112:Infinity": 46,
        "f:118:16:118:29": 8,
        "s:119:20:119:Infinity": 47,
        "s:120:2:120:Infinity": 48,
        "b:120:9:120:27:120:27:120:Infinity": 9
      }
    }
  },
  "/Users/dhruvsingh/projects/subscription-tracker/src/utils/subscription.utils.ts": {
    "path": "/Users/dhruvsingh/projects/subscription-tracker/src/utils/subscription.utils.ts",
    "statementMap": {
      "0": { "start": { "line": 8, "column": 2 }, "end": { "line": 17, "column": null } },
      "1": { "start": { "line": 10, "column": 6 }, "end": { "line": 10, "column": null } },
      "2": { "start": { "line": 12, "column": 6 }, "end": { "line": 12, "column": null } },
      "3": { "start": { "line": 14, "column": 6 }, "end": { "line": 14, "column": null } },
      "4": { "start": { "line": 16, "column": 6 }, "end": { "line": 16, "column": null } },
      "5": { "start": { "line": 24, "column": 2 }, "end": { "line": 33, "column": null } },
      "6": { "start": { "line": 26, "column": 6 }, "end": { "line": 26, "column": null } },
      "7": { "start": { "line": 28, "column": 6 }, "end": { "line": 28, "column": null } },
      "8": { "start": { "line": 30, "column": 6 }, "end": { "line": 30, "column": null } },
      "9": { "start": { "line": 32, "column": 6 }, "end": { "line": 32, "column": null } },
      "10": { "start": { "line": 40, "column": 2 }, "end": { "line": 42, "column": null } },
      "11": { "start": { "line": 41, "column": 17 }, "end": { "line": 41, "column": 27 } },
      "12": { "start": { "line": 42, "column": 28 }, "end": { "line": 42, "column": 79 } },
      "13": { "start": { "line": 49, "column": 2 }, "end": { "line": 51, "column": null } },
      "14": { "start": { "line": 50, "column": 17 }, "end": { "line": 50, "column": 27 } },
      "15": { "start": { "line": 51, "column": 28 }, "end": { "line": 51, "column": 78 } },
      "16": { "start": { "line": 58, "column": 2 }, "end": { "line": 64, "column": null } },
      "17": { "start": { "line": 60, "column": 6 }, "end": { "line": 60, "column": null } },
      "18": { "start": { "line": 60, "column": 23 }, "end": { "line": 60, "column": null } },
      "19": { "start": { "line": 61, "column": 12 }, "end": { "line": 61, "column": null } },
      "20": { "start": { "line": 62, "column": 6 }, "end": { "line": 62, "column": null } },
      "21": { "start": { "line": 64, "column": 20 }, "end": { "line": 64, "column": 89 } },
      "22": { "start": { "line": 71, "column": 8 }, "end": { "line": 71, "column": null } },
      "23": { "start": { "line": 73, "column": 2 }, "end": { "line": 73, "column": null } },
      "24": { "start": { "line": 73, "column": 16 }, "end": { "line": 73, "column": null } },
      "25": { "start": { "line": 74, "column": 2 }, "end": { "line": 74, "column": null } },
      "26": { "start": { "line": 74, "column": 17 }, "end": { "line": 74, "column": null } },
      "27": { "start": { "line": 75, "column": 2 }, "end": { "line": 75, "column": null } },
      "28": { "start": { "line": 75, "column": 17 }, "end": { "line": 75, "column": null } },
      "29": { "start": { "line": 76, "column": 2 }, "end": { "line": 76, "column": null } },
      "30": { "start": { "line": 83, "column": 2 }, "end": { "line": 93, "column": null } },
      "31": { "start": { "line": 85, "column": 23 }, "end": { "line": 85, "column": null } },
      "32": { "start": { "line": 86, "column": 6 }, "end": { "line": 88, "column": null } },
      "33": { "start": { "line": 87, "column": 8 }, "end": { "line": 87, "column": null } },
      "34": { "start": { "line": 89, "column": 6 }, "end": { "line": 89, "column": null } },
      "35": { "start": { "line": 90, "column": 6 }, "end": { "line": 90, "column": null } },
      "36": { "start": { "line": 100, "column": 18 }, "end": { "line": 100, "column": null } },
      "37": { "start": { "line": 100, "column": 60 }, "end": { "line": 100, "column": 70 } },
      "38": { "start": { "line": 102, "column": 2 }, "end": { "line": 111, "column": null } },
      "39": { "start": { "line": 104, "column": 6 }, "end": { "line": 107, "column": null } },
      "40": { "start": { "line": 105, "column": 24 }, "end": { "line": 105, "column": null } },
      "41": { "start": { "line": 108, "column": 6 }, "end": { "line": 108, "column": null } },
      "42": { "start": { "line": 122, "column": 17 }, "end": { "line": 141, "column": null } },
      "43": { "start": { "line": 123, "column": 21 }, "end": { "line": 123, "column": null } },
      "44": { "start": { "line": 125, "column": 4 }, "end": { "line": 138, "column": null } },
      "45": { "start": { "line": 127, "column": 8 }, "end": { "line": 127, "column": null } },
      "46": { "start": { "line": 128, "column": 8 }, "end": { "line": 128, "column": null } },
      "47": { "start": { "line": 130, "column": 8 }, "end": { "line": 130, "column": null } },
      "48": { "start": { "line": 131, "column": 8 }, "end": { "line": 131, "column": null } },
      "49": { "start": { "line": 133, "column": 8 }, "end": { "line": 133, "column": null } },
      "50": { "start": { "line": 134, "column": 8 }, "end": { "line": 134, "column": null } },
      "51": { "start": { "line": 136, "column": 8 }, "end": { "line": 136, "column": null } },
      "52": { "start": { "line": 137, "column": 8 }, "end": { "line": 137, "column": null } },
      "53": { "start": { "line": 140, "column": 4 }, "end": { "line": 140, "column": null } },
      "54": { "start": { "line": 143, "column": 2 }, "end": { "line": 143, "column": null } }
    },
    "fnMap": {
      "0": {
        "name": "normalizeToMonthly",
        "decl": { "start": { "line": 7, "column": 16 }, "end": { "line": 7, "column": 35 } },
        "loc": { "start": { "line": 7, "column": 80 }, "end": { "line": 18, "column": null } },
        "line": 7
      },
      "1": {
        "name": "normalizeToYearly",
        "decl": { "start": { "line": 23, "column": 16 }, "end": { "line": 23, "column": 34 } },
        "loc": { "start": { "line": 23, "column": 79 }, "end": { "line": 34, "column": null } },
        "line": 23
      },
      "2": {
        "name": "calculateMonthlyTotal",
        "decl": { "start": { "line": 39, "column": 16 }, "end": { "line": 39, "column": 38 } },
        "loc": { "start": { "line": 39, "column": 77 }, "end": { "line": 43, "column": null } },
        "line": 39
      },
      "3": {
        "name": "(anonymous_3)",
        "decl": { "start": { "line": 41, "column": 12 }, "end": { "line": 41, "column": 17 } },
        "loc": { "start": { "line": 41, "column": 17 }, "end": { "line": 41, "column": 27 } },
        "line": 41
      },
      "4": {
        "name": "(anonymous_4)",
        "decl": { "start": { "line": 42, "column": 12 }, "end": { "line": 42, "column": 13 } },
        "loc": { "start": { "line": 42, "column": 28 }, "end": { "line": 42, "column": 79 } },
        "line": 42
      },
      "5": {
        "name": "calculateYearlyTotal",
        "decl": { "start": { "line": 48, "column": 16 }, "end": { "line": 48, "column": 37 } },
        "loc": { "start": { "line": 48, "column": 76 }, "end": { "line": 52, "column": null } },
        "line": 48
      },
      "6": {
        "name": "(anonymous_6)",
        "decl": { "start": { "line": 50, "column": 12 }, "end": { "line": 50, "column": 17 } },
        "loc": { "start": { "line": 50, "column": 17 }, "end": { "line": 50, "column": 27 } },
        "line": 50
      },
      "7": {
        "name": "(anonymous_7)",
        "decl": { "start": { "line": 51, "column": 12 }, "end": { "line": 51, "column": 13 } },
        "loc": { "start": { "line": 51, "column": 28 }, "end": { "line": 51, "column": 78 } },
        "line": 51
      },
      "8": {
        "name": "getUpcomingRenewals",
        "decl": { "start": { "line": 57, "column": 16 }, "end": { "line": 57, "column": 36 } },
        "loc": { "start": { "line": 57, "column": 97 }, "end": { "line": 65, "column": null } },
        "line": 57
      },
      "9": {
        "name": "(anonymous_9)",
        "decl": { "start": { "line": 59, "column": 12 }, "end": { "line": 59, "column": 17 } },
        "loc": { "start": { "line": 59, "column": 17 }, "end": { "line": 63, "column": 5 } },
        "line": 59
      },
      "10": {
        "name": "(anonymous_10)",
        "decl": { "start": { "line": 64, "column": 10 }, "end": { "line": 64, "column": 11 } },
        "loc": { "start": { "line": 64, "column": 20 }, "end": { "line": 64, "column": 89 } },
        "line": 64
      },
      "11": {
        "name": "getRenewalUrgency",
        "decl": { "start": { "line": 70, "column": 16 }, "end": { "line": 70, "column": 34 } },
        "loc": { "start": { "line": 70, "column": 82 }, "end": { "line": 77, "column": null } },
        "line": 70
      },
      "12": {
        "name": "groupByCategory",
        "decl": { "start": { "line": 82, "column": 16 }, "end": { "line": 82, "column": 32 } },
        "loc": { "start": { "line": 82, "column": 95 }, "end": { "line": 94, "column": null } },
        "line": 82
      },
      "13": {
        "name": "(anonymous_13)",
        "decl": { "start": { "line": 84, "column": 4 }, "end": { "line": 84, "column": 5 } },
        "loc": { "start": { "line": 84, "column": 18 }, "end": { "line": 91, "column": null } },
        "line": 84
      },
      "14": {
        "name": "calculateSpendingByCategory",
        "decl": { "start": { "line": 99, "column": 16 }, "end": { "line": 99, "column": 44 } },
        "loc": { "start": { "line": 99, "column": 99 }, "end": { "line": 112, "column": null } },
        "line": 99
      },
      "15": {
        "name": "(anonymous_15)",
        "decl": { "start": { "line": 100, "column": 55 }, "end": { "line": 100, "column": 60 } },
        "loc": { "start": { "line": 100, "column": 60 }, "end": { "line": 100, "column": 70 } },
        "line": 100
      },
      "16": {
        "name": "(anonymous_16)",
        "decl": { "start": { "line": 103, "column": 4 }, "end": { "line": 103, "column": 5 } },
        "loc": { "start": { "line": 103, "column": 31 }, "end": { "line": 109, "column": null } },
        "line": 103
      },
      "17": {
        "name": "(anonymous_17)",
        "decl": { "start": { "line": 105, "column": 8 }, "end": { "line": 105, "column": 9 } },
        "loc": { "start": { "line": 105, "column": 24 }, "end": { "line": 105, "column": null } },
        "line": 105
      },
      "18": {
        "name": "sortSubscriptions",
        "decl": { "start": { "line": 117, "column": 16 }, "end": { "line": 117, "column": null } },
        "loc": { "start": { "line": 121, "column": 18 }, "end": { "line": 144, "column": null } },
        "line": 121
      },
      "19": {
        "name": "(anonymous_19)",
        "decl": { "start": { "line": 122, "column": 41 }, "end": { "line": 122, "column": 42 } },
        "loc": { "start": { "line": 122, "column": 51 }, "end": { "line": 141, "column": 3 } },
        "line": 122
      }
    },
    "branchMap": {
      "0": {
        "loc": { "start": { "line": 8, "column": 2 }, "end": { "line": 17, "column": null } },
        "type": "switch",
        "locations": [
          { "start": { "line": 9, "column": 4 }, "end": { "line": 10, "column": null } },
          { "start": { "line": 11, "column": 4 }, "end": { "line": 12, "column": null } },
          { "start": { "line": 13, "column": 4 }, "end": { "line": 14, "column": null } },
          { "start": { "line": 15, "column": 4 }, "end": { "line": 16, "column": null } }
        ],
        "line": 8
      },
      "1": {
        "loc": { "start": { "line": 24, "column": 2 }, "end": { "line": 33, "column": null } },
        "type": "switch",
        "locations": [
          { "start": { "line": 25, "column": 4 }, "end": { "line": 26, "column": null } },
          { "start": { "line": 27, "column": 4 }, "end": { "line": 28, "column": null } },
          { "start": { "line": 29, "column": 4 }, "end": { "line": 30, "column": null } },
          { "start": { "line": 31, "column": 4 }, "end": { "line": 32, "column": null } }
        ],
        "line": 24
      },
      "2": {
        "loc": { "start": { "line": 60, "column": 6 }, "end": { "line": 60, "column": null } },
        "type": "if",
        "locations": [
          { "start": { "line": 60, "column": 6 }, "end": { "line": 60, "column": null } },
          { "start": {}, "end": {} }
        ],
        "line": 60
      },
      "3": {
        "loc": { "start": { "line": 62, "column": 13 }, "end": { "line": 62, "column": null } },
        "type": "binary-expr",
        "locations": [
          { "start": { "line": 62, "column": 13 }, "end": { "line": 62, "column": 31 } },
          { "start": { "line": 62, "column": 31 }, "end": { "line": 62, "column": null } }
        ],
        "line": 62
      },
      "4": {
        "loc": { "start": { "line": 73, "column": 2 }, "end": { "line": 73, "column": null } },
        "type": "if",
        "locations": [
          { "start": { "line": 73, "column": 2 }, "end": { "line": 73, "column": null } },
          { "start": {}, "end": {} }
        ],
        "line": 73
      },
      "5": {
        "loc": { "start": { "line": 74, "column": 2 }, "end": { "line": 74, "column": null } },
        "type": "if",
        "locations": [
          { "start": { "line": 74, "column": 2 }, "end": { "line": 74, "column": null } },
          { "start": {}, "end": {} }
        ],
        "line": 74
      },
      "6": {
        "loc": { "start": { "line": 75, "column": 2 }, "end": { "line": 75, "column": null } },
        "type": "if",
        "locations": [
          { "start": { "line": 75, "column": 2 }, "end": { "line": 75, "column": null } },
          { "start": {}, "end": {} }
        ],
        "line": 75
      },
      "7": {
        "loc": { "start": { "line": 86, "column": 6 }, "end": { "line": 88, "column": null } },
        "type": "if",
        "locations": [
          { "start": { "line": 86, "column": 6 }, "end": { "line": 88, "column": null } },
          { "start": {}, "end": {} }
        ],
        "line": 86
      },
      "8": {
        "loc": { "start": { "line": 120, "column": 2 }, "end": { "line": 120, "column": null } },
        "type": "default-arg",
        "locations": [
          { "start": { "line": 120, "column": 26 }, "end": { "line": 120, "column": null } }
        ],
        "line": 120
      },
      "9": {
        "loc": { "start": { "line": 125, "column": 4 }, "end": { "line": 138, "column": null } },
        "type": "switch",
        "locations": [
          { "start": { "line": 126, "column": 6 }, "end": { "line": 128, "column": null } },
          { "start": { "line": 129, "column": 6 }, "end": { "line": 131, "column": null } },
          { "start": { "line": 132, "column": 6 }, "end": { "line": 134, "column": null } },
          { "start": { "line": 135, "column": 6 }, "end": { "line": 137, "column": null } }
        ],
        "line": 125
      },
      "10": {
        "loc": { "start": { "line": 140, "column": 11 }, "end": { "line": 140, "column": null } },
        "type": "cond-expr",
        "locations": [
          { "start": { "line": 140, "column": 29 }, "end": { "line": 140, "column": 42 } },
          { "start": { "line": 140, "column": 42 }, "end": { "line": 140, "column": null } }
        ],
        "line": 140
      }
    },
    "s": {
      "0": 15,
      "1": 1,
      "2": 10,
      "3": 1,
      "4": 3,
      "5": 6,
      "6": 1,
      "7": 2,
      "8": 1,
      "9": 2,
      "10": 5,
      "11": 8,
      "12": 7,
      "13": 1,
      "14": 2,
      "15": 2,
      "16": 4,
      "17": 10,
      "18": 1,
      "19": 9,
      "20": 9,
      "21": 4,
      "22": 6,
      "23": 6,
      "24": 1,
      "25": 5,
      "26": 2,
      "27": 3,
      "28": 2,
      "29": 1,
      "30": 3,
      "31": 7,
      "32": 7,
      "33": 5,
      "34": 7,
      "35": 7,
      "36": 2,
      "37": 5,
      "38": 2,
      "39": 3,
      "40": 4,
      "41": 3,
      "42": 4,
      "43": 13,
      "44": 13,
      "45": 5,
      "46": 5,
      "47": 4,
      "48": 4,
      "49": 4,
      "50": 4,
      "51": 0,
      "52": 0,
      "53": 13,
      "54": 4
    },
    "f": {
      "0": 15,
      "1": 6,
      "2": 5,
      "3": 8,
      "4": 7,
      "5": 1,
      "6": 2,
      "7": 2,
      "8": 4,
      "9": 10,
      "10": 4,
      "11": 6,
      "12": 3,
      "13": 7,
      "14": 2,
      "15": 5,
      "16": 3,
      "17": 4,
      "18": 4,
      "19": 13
    },
    "b": {
      "0": [1, 10, 1, 3],
      "1": [1, 2, 1, 2],
      "2": [1, 9],
      "3": [9, 9],
      "4": [1, 5],
      "5": [2, 3],
      "6": [2, 1],
      "7": [5, 2],
      "8": [4],
      "9": [5, 4, 4, 0],
      "10": [9, 4]
    },
    "meta": {
      "lastBranch": 11,
      "lastFunction": 20,
      "lastStatement": 55,
      "seen": {
        "f:7:16:7:35": 0,
        "b:9:4:10:Infinity:11:4:12:Infinity:13:4:14:Infinity:15:4:16:Infinity": 0,
        "s:8:2:17:Infinity": 0,
        "s:10:6:10:Infinity": 1,
        "s:12:6:12:Infinity": 2,
        "s:14:6:14:Infinity": 3,
        "s:16:6:16:Infinity": 4,
        "f:23:16:23:34": 1,
        "b:25:4:26:Infinity:27:4:28:Infinity:29:4:30:Infinity:31:4:32:Infinity": 1,
        "s:24:2:33:Infinity": 5,
        "s:26:6:26:Infinity": 6,
        "s:28:6:28:Infinity": 7,
        "s:30:6:30:Infinity": 8,
        "s:32:6:32:Infinity": 9,
        "f:39:16:39:38": 2,
        "s:40:2:42:Infinity": 10,
        "f:41:12:41:17": 3,
        "s:41:17:41:27": 11,
        "f:42:12:42:13": 4,
        "s:42:28:42:79": 12,
        "f:48:16:48:37": 5,
        "s:49:2:51:Infinity": 13,
        "f:50:12:50:17": 6,
        "s:50:17:50:27": 14,
        "f:51:12:51:13": 7,
        "s:51:28:51:78": 15,
        "f:57:16:57:36": 8,
        "s:58:2:64:Infinity": 16,
        "f:59:12:59:17": 9,
        "b:60:6:60:Infinity:undefined:undefined:undefined:undefined": 2,
        "s:60:6:60:Infinity": 17,
        "s:60:23:60:Infinity": 18,
        "s:61:12:61:Infinity": 19,
        "s:62:6:62:Infinity": 20,
        "b:62:13:62:31:62:31:62:Infinity": 3,
        "f:64:10:64:11": 10,
        "s:64:20:64:89": 21,
        "f:70:16:70:34": 11,
        "s:71:8:71:Infinity": 22,
        "b:73:2:73:Infinity:undefined:undefined:undefined:undefined": 4,
        "s:73:2:73:Infinity": 23,
        "s:73:16:73:Infinity": 24,
        "b:74:2:74:Infinity:undefined:undefined:undefined:undefined": 5,
        "s:74:2:74:Infinity": 25,
        "s:74:17:74:Infinity": 26,
        "b:75:2:75:Infinity:undefined:undefined:undefined:undefined": 6,
        "s:75:2:75:Infinity": 27,
        "s:75:17:75:Infinity": 28,
        "s:76:2:76:Infinity": 29,
        "f:82:16:82:32": 12,
        "s:83:2:93:Infinity": 30,
        "f:84:4:84:5": 13,
        "s:85:23:85:Infinity": 31,
        "b:86:6:88:Infinity:undefined:undefined:undefined:undefined": 7,
        "s:86:6:88:Infinity": 32,
        "s:87:8:87:Infinity": 33,
        "s:89:6:89:Infinity": 34,
        "s:90:6:90:Infinity": 35,
        "f:99:16:99:44": 14,
        "s:100:18:100:Infinity": 36,
        "f:100:55:100:60": 15,
        "s:100:60:100:70": 37,
        "s:102:2:111:Infinity": 38,
        "f:103:4:103:5": 16,
        "s:104:6:107:Infinity": 39,
        "f:105:8:105:9": 17,
        "s:105:24:105:Infinity": 40,
        "s:108:6:108:Infinity": 41,
        "f:117:16:117:Infinity": 18,
        "b:120:26:120:Infinity": 8,
        "s:122:17:141:Infinity": 42,
        "f:122:41:122:42": 19,
        "s:123:21:123:Infinity": 43,
        "b:126:6:128:Infinity:129:6:131:Infinity:132:6:134:Infinity:135:6:137:Infinity": 9,
        "s:125:4:138:Infinity": 44,
        "s:127:8:127:Infinity": 45,
        "s:128:8:128:Infinity": 46,
        "s:130:8:130:Infinity": 47,
        "s:131:8:131:Infinity": 48,
        "s:133:8:133:Infinity": 49,
        "s:134:8:134:Infinity": 50,
        "s:136:8:136:Infinity": 51,
        "s:137:8:137:Infinity": 52,
        "s:140:4:140:Infinity": 53,
        "b:140:29:140:42:140:42:140:Infinity": 10,
        "s:143:2:143:Infinity": 54
      }
    }
  }
}
